{"C:\\Users\\Pichau\\Desktop\\r\\compass-challenge\\src\\App.tsx": {"path":"C:\\Users\\Pichau\\Desktop\\r\\compass-challenge\\src\\App.tsx","statementMap":{"0":{"start":{"line":14,"column":2},"end":{"line":28,"column":4}}},"fnMap":{"0":{"name":"App","decl":{"start":{"line":13,"column":9},"end":{"line":13,"column":12}},"loc":{"start":{"line":13,"column":15},"end":{"line":29,"column":1}},"line":13}},"branchMap":{},"s":{"0":1},"f":{"0":1},"b":{},"_coverageSchema":"1a1c01bbd47fc00a2c39e90264f33305004495a9","hash":"d0d7ce7e4832751b3add4de6ac87a02c04d8a729"}
,"C:\\Users\\Pichau\\Desktop\\r\\compass-challenge\\src\\index.tsx": {"path":"C:\\Users\\Pichau\\Desktop\\r\\compass-challenge\\src\\index.tsx","statementMap":{"0":{"start":{"line":5,"column":0},"end":{"line":9,"column":1}}},"fnMap":{},"branchMap":{},"s":{"0":0},"f":{},"b":{}}
,"C:\\Users\\Pichau\\Desktop\\r\\compass-challenge\\src\\components\\BoxTitle\\index.tsx": {"path":"C:\\Users\\Pichau\\Desktop\\r\\compass-challenge\\src\\components\\BoxTitle\\index.tsx","statementMap":{"0":{"start":{"line":10,"column":24},"end":{"line":16,"column":1}},"1":{"start":{"line":11,"column":4},"end":{"line":15,"column":5}}},"fnMap":{"0":{"name":"(anonymous_0)","decl":{"start":{"line":10,"column":24},"end":{"line":10,"column":25}},"loc":{"start":{"line":10,"column":54},"end":{"line":16,"column":1}},"line":10}},"branchMap":{},"s":{"0":1,"1":0},"f":{"0":0},"b":{},"_coverageSchema":"1a1c01bbd47fc00a2c39e90264f33305004495a9","hash":"563a09442b73a4ed60abddfd9a0b79c76a9b917f"}
,"C:\\Users\\Pichau\\Desktop\\r\\compass-challenge\\src\\components\\CardRestaurant\\index.tsx": {"path":"C:\\Users\\Pichau\\Desktop\\r\\compass-challenge\\src\\components\\CardRestaurant\\index.tsx","statementMap":{"0":{"start":{"line":17,"column":30},"end":{"line":33,"column":1}},"1":{"start":{"line":18,"column":25},"end":{"line":18,"column":35}},"2":{"start":{"line":19,"column":4},"end":{"line":32,"column":5}}},"fnMap":{"0":{"name":"(anonymous_0)","decl":{"start":{"line":17,"column":30},"end":{"line":17,"column":31}},"loc":{"start":{"line":17,"column":94},"end":{"line":33,"column":1}},"line":17}},"branchMap":{},"s":{"0":1,"1":0,"2":0},"f":{"0":0},"b":{},"_coverageSchema":"1a1c01bbd47fc00a2c39e90264f33305004495a9","hash":"27c6bb3892e12b411c53951905f2118ba8225803"}
,"C:\\Users\\Pichau\\Desktop\\r\\compass-challenge\\src\\components\\DishInfo\\index.tsx": {"path":"C:\\Users\\Pichau\\Desktop\\r\\compass-challenge\\src\\components\\DishInfo\\index.tsx","statementMap":{"0":{"start":{"line":14,"column":24},"end":{"line":31,"column":1}},"1":{"start":{"line":15,"column":4},"end":{"line":29,"column":5}}},"fnMap":{"0":{"name":"(anonymous_0)","decl":{"start":{"line":14,"column":24},"end":{"line":14,"column":25}},"loc":{"start":{"line":14,"column":82},"end":{"line":31,"column":1}},"line":14}},"branchMap":{},"s":{"0":1,"1":0},"f":{"0":0},"b":{},"_coverageSchema":"1a1c01bbd47fc00a2c39e90264f33305004495a9","hash":"f672a86f3199c03a73460f9aa1f3b35ddbd7428f"}
,"C:\\Users\\Pichau\\Desktop\\r\\compass-challenge\\src\\components\\Footer\\index.tsx": {"path":"C:\\Users\\Pichau\\Desktop\\r\\compass-challenge\\src\\components\\Footer\\index.tsx","statementMap":{"0":{"start":{"line":9,"column":22},"end":{"line":37,"column":1}},"1":{"start":{"line":10,"column":4},"end":{"line":36,"column":5}}},"fnMap":{"0":{"name":"(anonymous_0)","decl":{"start":{"line":9,"column":22},"end":{"line":9,"column":23}},"loc":{"start":{"line":9,"column":28},"end":{"line":37,"column":1}},"line":9}},"branchMap":{},"s":{"0":1,"1":1},"f":{"0":1},"b":{},"_coverageSchema":"1a1c01bbd47fc00a2c39e90264f33305004495a9","hash":"920f532fe81b86d21da859ebe628a41a4cec35e9"}
,"C:\\Users\\Pichau\\Desktop\\r\\compass-challenge\\src\\components\\Footer\\styles.tsx": {"path":"C:\\Users\\Pichau\\Desktop\\r\\compass-challenge\\src\\components\\Footer\\styles.tsx","statementMap":{"0":{"start":{"line":5,"column":22},"end":{"line":19,"column":1}},"1":{"start":{"line":10,"column":35},"end":{"line":10,"column":64}},"2":{"start":{"line":20,"column":25},"end":{"line":34,"column":1}},"3":{"start":{"line":36,"column":29},"end":{"line":40,"column":2}},"4":{"start":{"line":41,"column":25},"end":{"line":45,"column":1}},"5":{"start":{"line":44,"column":24},"end":{"line":44,"column":48}},"6":{"start":{"line":47,"column":30},"end":{"line":57,"column":1}},"7":{"start":{"line":59,"column":21},"end":{"line":69,"column":1}},"8":{"start":{"line":63,"column":24},"end":{"line":63,"column":48}},"9":{"start":{"line":66,"column":28},"end":{"line":66,"column":54}},"10":{"start":{"line":71,"column":23},"end":{"line":75,"column":1}},"11":{"start":{"line":74,"column":24},"end":{"line":74,"column":48}},"12":{"start":{"line":77,"column":27},"end":{"line":81,"column":1}}},"fnMap":{"0":{"name":"(anonymous_0)","decl":{"start":{"line":10,"column":24},"end":{"line":10,"column":25}},"loc":{"start":{"line":10,"column":35},"end":{"line":10,"column":64}},"line":10},"1":{"name":"(anonymous_1)","decl":{"start":{"line":44,"column":13},"end":{"line":44,"column":14}},"loc":{"start":{"line":44,"column":24},"end":{"line":44,"column":48}},"line":44},"2":{"name":"(anonymous_2)","decl":{"start":{"line":63,"column":13},"end":{"line":63,"column":14}},"loc":{"start":{"line":63,"column":24},"end":{"line":63,"column":48}},"line":63},"3":{"name":"(anonymous_3)","decl":{"start":{"line":66,"column":17},"end":{"line":66,"column":18}},"loc":{"start":{"line":66,"column":28},"end":{"line":66,"column":54}},"line":66},"4":{"name":"(anonymous_4)","decl":{"start":{"line":74,"column":13},"end":{"line":74,"column":14}},"loc":{"start":{"line":74,"column":24},"end":{"line":74,"column":48}},"line":74}},"branchMap":{},"s":{"0":1,"1":1,"2":1,"3":1,"4":1,"5":0,"6":1,"7":1,"8":4,"9":4,"10":1,"11":1,"12":1},"f":{"0":1,"1":0,"2":4,"3":4,"4":1},"b":{},"_coverageSchema":"1a1c01bbd47fc00a2c39e90264f33305004495a9","hash":"9e9508cc8318f5159c68c54818a6e022bdeffcc8"}
,"C:\\Users\\Pichau\\Desktop\\r\\compass-challenge\\src\\components\\Header\\index.tsx": {"path":"C:\\Users\\Pichau\\Desktop\\r\\compass-challenge\\src\\components\\Header\\index.tsx","statementMap":{"0":{"start":{"line":10,"column":22},"end":{"line":38,"column":1}},"1":{"start":{"line":11,"column":21},"end":{"line":11,"column":34}},"2":{"start":{"line":12,"column":24},"end":{"line":12,"column":54}},"3":{"start":{"line":13,"column":27},"end":{"line":13,"column":60}},"4":{"start":{"line":15,"column":4},"end":{"line":37,"column":6}}},"fnMap":{"0":{"name":"(anonymous_0)","decl":{"start":{"line":10,"column":22},"end":{"line":10,"column":23}},"loc":{"start":{"line":10,"column":28},"end":{"line":38,"column":1}},"line":10}},"branchMap":{"0":{"loc":{"start":{"line":18,"column":13},"end":{"line":35,"column":13}},"type":"binary-expr","locations":[{"start":{"line":18,"column":13},"end":{"line":18,"column":25}},{"start":{"line":18,"column":29},"end":{"line":18,"column":44}},{"start":{"line":19,"column":16},"end":{"line":34,"column":36}}],"line":18}},"s":{"0":1,"1":1,"2":1,"3":1,"4":1},"f":{"0":1},"b":{"0":[1,1,1]},"_coverageSchema":"1a1c01bbd47fc00a2c39e90264f33305004495a9","hash":"c98947382ad3942f5913350c38a460d85ccd0ca6"}
,"C:\\Users\\Pichau\\Desktop\\r\\compass-challenge\\src\\components\\Image\\Bag\\index.tsx": {"path":"C:\\Users\\Pichau\\Desktop\\r\\compass-challenge\\src\\components\\Image\\Bag\\index.tsx","statementMap":{"0":{"start":{"line":3,"column":19},"end":{"line":10,"column":1}},"1":{"start":{"line":4,"column":4},"end":{"line":9,"column":5}}},"fnMap":{"0":{"name":"(anonymous_0)","decl":{"start":{"line":3,"column":19},"end":{"line":3,"column":20}},"loc":{"start":{"line":3,"column":25},"end":{"line":10,"column":1}},"line":3}},"branchMap":{},"s":{"0":1,"1":1},"f":{"0":1},"b":{},"_coverageSchema":"1a1c01bbd47fc00a2c39e90264f33305004495a9","hash":"9a4dc30abe7cbed941ba5099374b6592b6254370"}
,"C:\\Users\\Pichau\\Desktop\\r\\compass-challenge\\src\\components\\Image\\Column\\index.tsx": {"path":"C:\\Users\\Pichau\\Desktop\\r\\compass-challenge\\src\\components\\Image\\Column\\index.tsx","statementMap":{"0":{"start":{"line":1,"column":22},"end":{"line":7,"column":1}},"1":{"start":{"line":2,"column":4},"end":{"line":6,"column":5}}},"fnMap":{"0":{"name":"(anonymous_0)","decl":{"start":{"line":1,"column":22},"end":{"line":1,"column":23}},"loc":{"start":{"line":1,"column":28},"end":{"line":7,"column":1}},"line":1}},"branchMap":{},"s":{"0":1,"1":0},"f":{"0":0},"b":{},"_coverageSchema":"1a1c01bbd47fc00a2c39e90264f33305004495a9","hash":"64393757666cd5a93386de074ffb70f0d5b79c6c"}
,"C:\\Users\\Pichau\\Desktop\\r\\compass-challenge\\src\\components\\Image\\DecrementICon\\index.tsx": {"path":"C:\\Users\\Pichau\\Desktop\\r\\compass-challenge\\src\\components\\Image\\DecrementICon\\index.tsx","statementMap":{"0":{"start":{"line":1,"column":29},"end":{"line":8,"column":1}},"1":{"start":{"line":2,"column":4},"end":{"line":6,"column":5}}},"fnMap":{"0":{"name":"(anonymous_0)","decl":{"start":{"line":1,"column":29},"end":{"line":1,"column":30}},"loc":{"start":{"line":1,"column":35},"end":{"line":8,"column":1}},"line":1}},"branchMap":{},"s":{"0":1,"1":0},"f":{"0":0},"b":{},"_coverageSchema":"1a1c01bbd47fc00a2c39e90264f33305004495a9","hash":"679855514129001304559aae88979714c4e60559"}
,"C:\\Users\\Pichau\\Desktop\\r\\compass-challenge\\src\\components\\Image\\Facebook\\index.tsx": {"path":"C:\\Users\\Pichau\\Desktop\\r\\compass-challenge\\src\\components\\Image\\Facebook\\index.tsx","statementMap":{"0":{"start":{"line":3,"column":24},"end":{"line":9,"column":1}},"1":{"start":{"line":4,"column":4},"end":{"line":8,"column":5}}},"fnMap":{"0":{"name":"(anonymous_0)","decl":{"start":{"line":3,"column":24},"end":{"line":3,"column":25}},"loc":{"start":{"line":3,"column":30},"end":{"line":9,"column":1}},"line":3}},"branchMap":{},"s":{"0":1,"1":1},"f":{"0":1},"b":{},"_coverageSchema":"1a1c01bbd47fc00a2c39e90264f33305004495a9","hash":"fa17275a30788dff1d656125a834378d106c961f"}
,"C:\\Users\\Pichau\\Desktop\\r\\compass-challenge\\src\\components\\Image\\IncrementICon\\index.tsx": {"path":"C:\\Users\\Pichau\\Desktop\\r\\compass-challenge\\src\\components\\Image\\IncrementICon\\index.tsx","statementMap":{"0":{"start":{"line":1,"column":29},"end":{"line":8,"column":1}},"1":{"start":{"line":2,"column":4},"end":{"line":6,"column":5}}},"fnMap":{"0":{"name":"(anonymous_0)","decl":{"start":{"line":1,"column":29},"end":{"line":1,"column":30}},"loc":{"start":{"line":1,"column":35},"end":{"line":8,"column":1}},"line":1}},"branchMap":{},"s":{"0":1,"1":0},"f":{"0":0},"b":{},"_coverageSchema":"1a1c01bbd47fc00a2c39e90264f33305004495a9","hash":"d7fe3fda40b74b58c9e81dafb2542729f182b23d"}
,"C:\\Users\\Pichau\\Desktop\\r\\compass-challenge\\src\\components\\Image\\Instagram\\index.tsx": {"path":"C:\\Users\\Pichau\\Desktop\\r\\compass-challenge\\src\\components\\Image\\Instagram\\index.tsx","statementMap":{"0":{"start":{"line":2,"column":25},"end":{"line":8,"column":1}},"1":{"start":{"line":3,"column":4},"end":{"line":7,"column":5}}},"fnMap":{"0":{"name":"(anonymous_0)","decl":{"start":{"line":2,"column":25},"end":{"line":2,"column":26}},"loc":{"start":{"line":2,"column":31},"end":{"line":8,"column":1}},"line":2}},"branchMap":{},"s":{"0":1,"1":1},"f":{"0":1},"b":{},"_coverageSchema":"1a1c01bbd47fc00a2c39e90264f33305004495a9","hash":"724604ab694b226bea0b067f4c3cac4038a1e896"}
,"C:\\Users\\Pichau\\Desktop\\r\\compass-challenge\\src\\components\\Image\\LogoImage\\index.tsx": {"path":"C:\\Users\\Pichau\\Desktop\\r\\compass-challenge\\src\\components\\Image\\LogoImage\\index.tsx","statementMap":{"0":{"start":{"line":6,"column":25},"end":{"line":14,"column":1}},"1":{"start":{"line":7,"column":18},"end":{"line":7,"column":51}},"2":{"start":{"line":9,"column":4},"end":{"line":13,"column":6}}},"fnMap":{"0":{"name":"(anonymous_0)","decl":{"start":{"line":6,"column":25},"end":{"line":6,"column":26}},"loc":{"start":{"line":6,"column":58},"end":{"line":14,"column":1}},"line":6}},"branchMap":{"0":{"loc":{"start":{"line":7,"column":18},"end":{"line":7,"column":51}},"type":"cond-expr","locations":[{"start":{"line":7,"column":30},"end":{"line":7,"column":39}},{"start":{"line":7,"column":42},"end":{"line":7,"column":51}}],"line":7}},"s":{"0":1,"1":2,"2":2},"f":{"0":2},"b":{"0":[1,1]},"_coverageSchema":"1a1c01bbd47fc00a2c39e90264f33305004495a9","hash":"223fd3830ed4e819054a08e2ae9fef49dc7c83da"}
,"C:\\Users\\Pichau\\Desktop\\r\\compass-challenge\\src\\components\\Image\\Porcent\\index.tsx": {"path":"C:\\Users\\Pichau\\Desktop\\r\\compass-challenge\\src\\components\\Image\\Porcent\\index.tsx","statementMap":{"0":{"start":{"line":1,"column":23},"end":{"line":7,"column":1}},"1":{"start":{"line":2,"column":4},"end":{"line":6,"column":5}}},"fnMap":{"0":{"name":"(anonymous_0)","decl":{"start":{"line":1,"column":23},"end":{"line":1,"column":24}},"loc":{"start":{"line":1,"column":29},"end":{"line":7,"column":1}},"line":1}},"branchMap":{},"s":{"0":1,"1":0},"f":{"0":0},"b":{},"_coverageSchema":"1a1c01bbd47fc00a2c39e90264f33305004495a9","hash":"3f7762e3bd4d58ad2505c34258affb8e0d39ebf9"}
,"C:\\Users\\Pichau\\Desktop\\r\\compass-challenge\\src\\components\\Image\\Search\\index.tsx": {"path":"C:\\Users\\Pichau\\Desktop\\r\\compass-challenge\\src\\components\\Image\\Search\\index.tsx","statementMap":{"0":{"start":{"line":3,"column":22},"end":{"line":9,"column":1}},"1":{"start":{"line":4,"column":4},"end":{"line":8,"column":5}}},"fnMap":{"0":{"name":"(anonymous_0)","decl":{"start":{"line":3,"column":22},"end":{"line":3,"column":23}},"loc":{"start":{"line":3,"column":28},"end":{"line":9,"column":1}},"line":3}},"branchMap":{},"s":{"0":1,"1":1},"f":{"0":1},"b":{},"_coverageSchema":"1a1c01bbd47fc00a2c39e90264f33305004495a9","hash":"e6b876b88d5bc90685fdd7e6df1d598f2fe389ed"}
,"C:\\Users\\Pichau\\Desktop\\r\\compass-challenge\\src\\components\\Image\\Star\\index.tsx": {"path":"C:\\Users\\Pichau\\Desktop\\r\\compass-challenge\\src\\components\\Image\\Star\\index.tsx","statementMap":{"0":{"start":{"line":6,"column":20},"end":{"line":14,"column":1}},"1":{"start":{"line":7,"column":18},"end":{"line":7,"column":51}},"2":{"start":{"line":9,"column":4},"end":{"line":13,"column":6}}},"fnMap":{"0":{"name":"(anonymous_0)","decl":{"start":{"line":6,"column":20},"end":{"line":6,"column":21}},"loc":{"start":{"line":6,"column":53},"end":{"line":14,"column":1}},"line":6}},"branchMap":{"0":{"loc":{"start":{"line":7,"column":18},"end":{"line":7,"column":51}},"type":"cond-expr","locations":[{"start":{"line":7,"column":30},"end":{"line":7,"column":39}},{"start":{"line":7,"column":42},"end":{"line":7,"column":51}}],"line":7}},"s":{"0":1,"1":0,"2":0},"f":{"0":0},"b":{"0":[0,0]},"_coverageSchema":"1a1c01bbd47fc00a2c39e90264f33305004495a9","hash":"e1131ee78a79e74934c33eaccd5d075f99e79b09"}
,"C:\\Users\\Pichau\\Desktop\\r\\compass-challenge\\src\\components\\Image\\Time\\index.tsx": {"path":"C:\\Users\\Pichau\\Desktop\\r\\compass-challenge\\src\\components\\Image\\Time\\index.tsx","statementMap":{"0":{"start":{"line":3,"column":20},"end":{"line":13,"column":1}},"1":{"start":{"line":4,"column":4},"end":{"line":12,"column":5}}},"fnMap":{"0":{"name":"(anonymous_0)","decl":{"start":{"line":3,"column":20},"end":{"line":3,"column":21}},"loc":{"start":{"line":3,"column":26},"end":{"line":13,"column":1}},"line":3}},"branchMap":{},"s":{"0":1,"1":0},"f":{"0":0},"b":{},"_coverageSchema":"1a1c01bbd47fc00a2c39e90264f33305004495a9","hash":"77dbfedf18410786a3a2a757b849c300adc493aa"}
,"C:\\Users\\Pichau\\Desktop\\r\\compass-challenge\\src\\components\\Image\\Twitter\\index.tsx": {"path":"C:\\Users\\Pichau\\Desktop\\r\\compass-challenge\\src\\components\\Image\\Twitter\\index.tsx","statementMap":{"0":{"start":{"line":3,"column":23},"end":{"line":9,"column":1}},"1":{"start":{"line":4,"column":4},"end":{"line":8,"column":5}}},"fnMap":{"0":{"name":"(anonymous_0)","decl":{"start":{"line":3,"column":23},"end":{"line":3,"column":24}},"loc":{"start":{"line":3,"column":29},"end":{"line":9,"column":1}},"line":3}},"branchMap":{},"s":{"0":1,"1":1},"f":{"0":1},"b":{},"_coverageSchema":"1a1c01bbd47fc00a2c39e90264f33305004495a9","hash":"a851d4d35e79de72aeae3033bca4f2bde676ff5f"}
,"C:\\Users\\Pichau\\Desktop\\r\\compass-challenge\\src\\components\\Image\\WhiteStar\\index.tsx": {"path":"C:\\Users\\Pichau\\Desktop\\r\\compass-challenge\\src\\components\\Image\\WhiteStar\\index.tsx","statementMap":{"0":{"start":{"line":5,"column":25},"end":{"line":11,"column":1}},"1":{"start":{"line":6,"column":4},"end":{"line":10,"column":5}}},"fnMap":{"0":{"name":"(anonymous_0)","decl":{"start":{"line":5,"column":25},"end":{"line":5,"column":26}},"loc":{"start":{"line":5,"column":61},"end":{"line":11,"column":1}},"line":5}},"branchMap":{"0":{"loc":{"start":{"line":7,"column":97},"end":{"line":7,"column":128}},"type":"cond-expr","locations":[{"start":{"line":7,"column":110},"end":{"line":7,"column":119}},{"start":{"line":7,"column":122},"end":{"line":7,"column":128}}],"line":7}},"s":{"0":1,"1":0},"f":{"0":0},"b":{"0":[0,0]},"_coverageSchema":"1a1c01bbd47fc00a2c39e90264f33305004495a9","hash":"21fd22b1c8a9d4a4f3b71f1d3ceb6ec7423e5c80"}
,"C:\\Users\\Pichau\\Desktop\\r\\compass-challenge\\src\\components\\Input\\index.tsx": {"path":"C:\\Users\\Pichau\\Desktop\\r\\compass-challenge\\src\\components\\Input\\index.tsx","statementMap":{"0":{"start":{"line":18,"column":43},"end":{"line":33,"column":1}},"1":{"start":{"line":19,"column":4},"end":{"line":32,"column":6}}},"fnMap":{"0":{"name":"(anonymous_0)","decl":{"start":{"line":18,"column":43},"end":{"line":18,"column":44}},"loc":{"start":{"line":18,"column":54},"end":{"line":33,"column":1}},"line":18}},"branchMap":{},"s":{"0":1,"1":0},"f":{"0":0},"b":{},"_coverageSchema":"1a1c01bbd47fc00a2c39e90264f33305004495a9","hash":"bd01e09c56710fd292687008bd2a89a44dbd84df"}
,"C:\\Users\\Pichau\\Desktop\\r\\compass-challenge\\src\\components\\Item\\index.tsx": {"path":"C:\\Users\\Pichau\\Desktop\\r\\compass-challenge\\src\\components\\Item\\index.tsx","statementMap":{"0":{"start":{"line":13,"column":20},"end":{"line":52,"column":1}},"1":{"start":{"line":14,"column":34},"end":{"line":14,"column":45}},"2":{"start":{"line":16,"column":22},"end":{"line":21,"column":5}},"3":{"start":{"line":17,"column":8},"end":{"line":17,"column":32}},"4":{"start":{"line":18,"column":8},"end":{"line":20,"column":9}},"5":{"start":{"line":19,"column":12},"end":{"line":19,"column":49}},"6":{"start":{"line":23,"column":22},"end":{"line":30,"column":5}},"7":{"start":{"line":24,"column":8},"end":{"line":29,"column":9}},"8":{"start":{"line":25,"column":12},"end":{"line":25,"column":36}},"9":{"start":{"line":26,"column":12},"end":{"line":28,"column":13}},"10":{"start":{"line":27,"column":16},"end":{"line":27,"column":53}},"11":{"start":{"line":32,"column":4},"end":{"line":51,"column":5}}},"fnMap":{"0":{"name":"(anonymous_0)","decl":{"start":{"line":13,"column":20},"end":{"line":13,"column":21}},"loc":{"start":{"line":13,"column":82},"end":{"line":52,"column":1}},"line":13},"1":{"name":"(anonymous_1)","decl":{"start":{"line":16,"column":22},"end":{"line":16,"column":23}},"loc":{"start":{"line":16,"column":28},"end":{"line":21,"column":5}},"line":16},"2":{"name":"(anonymous_2)","decl":{"start":{"line":23,"column":22},"end":{"line":23,"column":23}},"loc":{"start":{"line":23,"column":28},"end":{"line":30,"column":5}},"line":23}},"branchMap":{"0":{"loc":{"start":{"line":18,"column":8},"end":{"line":20,"column":9}},"type":"if","locations":[{"start":{"line":18,"column":8},"end":{"line":20,"column":9}},{"start":{},"end":{}}],"line":18},"1":{"loc":{"start":{"line":24,"column":8},"end":{"line":29,"column":9}},"type":"if","locations":[{"start":{"line":24,"column":8},"end":{"line":29,"column":9}},{"start":{},"end":{}}],"line":24},"2":{"loc":{"start":{"line":26,"column":12},"end":{"line":28,"column":13}},"type":"if","locations":[{"start":{"line":26,"column":12},"end":{"line":28,"column":13}},{"start":{},"end":{}}],"line":26}},"s":{"0":1,"1":0,"2":0,"3":0,"4":0,"5":0,"6":0,"7":0,"8":0,"9":0,"10":0,"11":0},"f":{"0":0,"1":0,"2":0},"b":{"0":[0,0],"1":[0,0],"2":[0,0]},"_coverageSchema":"1a1c01bbd47fc00a2c39e90264f33305004495a9","hash":"af5375b159c7e77268755f94d2de6b3af83610a1"}
,"C:\\Users\\Pichau\\Desktop\\r\\compass-challenge\\src\\components\\Logo\\index.tsx": {"path":"C:\\Users\\Pichau\\Desktop\\r\\compass-challenge\\src\\components\\Logo\\index.tsx","statementMap":{"0":{"start":{"line":11,"column":20},"end":{"line":20,"column":1}},"1":{"start":{"line":12,"column":4},"end":{"line":19,"column":5}}},"fnMap":{"0":{"name":"(anonymous_0)","decl":{"start":{"line":11,"column":20},"end":{"line":11,"column":21}},"loc":{"start":{"line":11,"column":58},"end":{"line":20,"column":1}},"line":11}},"branchMap":{},"s":{"0":1,"1":2},"f":{"0":2},"b":{},"_coverageSchema":"1a1c01bbd47fc00a2c39e90264f33305004495a9","hash":"b3c700c25983f5661b2c1e230940f9fca6a39e2a"}
,"C:\\Users\\Pichau\\Desktop\\r\\compass-challenge\\src\\pages\\Home\\index.tsx": {"path":"C:\\Users\\Pichau\\Desktop\\r\\compass-challenge\\src\\pages\\Home\\index.tsx","statementMap":{"0":{"start":{"line":14,"column":20},"end":{"line":167,"column":1}},"1":{"start":{"line":15,"column":21},"end":{"line":15,"column":56}},"2":{"start":{"line":16,"column":44},"end":{"line":16,"column":55}},"3":{"start":{"line":17,"column":34},"end":{"line":17,"column":48}},"4":{"start":{"line":18,"column":30},"end":{"line":18,"column":59}},"5":{"start":{"line":19,"column":42},"end":{"line":19,"column":68}},"6":{"start":{"line":20,"column":27},"end":{"line":23,"column":5}},"7":{"start":{"line":21,"column":14},"end":{"line":21,"column":55}},"8":{"start":{"line":26,"column":8},"end":{"line":26,"column":55}},"9":{"start":{"line":30,"column":4},"end":{"line":82,"column":22}},"10":{"start":{"line":31,"column":33},"end":{"line":75,"column":9}},"11":{"start":{"line":32,"column":28},"end":{"line":36,"column":13}},"12":{"start":{"line":38,"column":26},"end":{"line":54,"column":13}},"13":{"start":{"line":56,"column":12},"end":{"line":74,"column":13}},"14":{"start":{"line":57,"column":33},"end":{"line":61,"column":17}},"15":{"start":{"line":63,"column":35},"end":{"line":63,"column":60}},"16":{"start":{"line":64,"column":45},"end":{"line":68,"column":18}},"17":{"start":{"line":65,"column":39},"end":{"line":65,"column":48}},"18":{"start":{"line":66,"column":20},"end":{"line":66,"column":68}},"19":{"start":{"line":67,"column":20},"end":{"line":67,"column":38}},"20":{"start":{"line":69,"column":16},"end":{"line":69,"column":53}},"21":{"start":{"line":70,"column":16},"end":{"line":70,"column":34}},"22":{"start":{"line":72,"column":16},"end":{"line":72,"column":55}},"23":{"start":{"line":73,"column":16},"end":{"line":73,"column":34}},"24":{"start":{"line":77,"column":8},"end":{"line":79,"column":9}},"25":{"start":{"line":78,"column":12},"end":{"line":78,"column":31}},"26":{"start":{"line":84,"column":4},"end":{"line":92,"column":25}},"27":{"start":{"line":85,"column":25},"end":{"line":87,"column":16}},"28":{"start":{"line":86,"column":12},"end":{"line":86,"column":84}},"29":{"start":{"line":86,"column":43},"end":{"line":86,"column":82}},"30":{"start":{"line":89,"column":8},"end":{"line":91,"column":10}},"31":{"start":{"line":90,"column":12},"end":{"line":90,"column":36}},"32":{"start":{"line":94,"column":4},"end":{"line":166,"column":5}},"33":{"start":{"line":121,"column":28},"end":{"line":133,"column":30}},"34":{"start":{"line":147,"column":28},"end":{"line":160,"column":43}}},"fnMap":{"0":{"name":"(anonymous_0)","decl":{"start":{"line":14,"column":20},"end":{"line":14,"column":21}},"loc":{"start":{"line":14,"column":26},"end":{"line":167,"column":1}},"line":14},"1":{"name":"(anonymous_1)","decl":{"start":{"line":21,"column":8},"end":{"line":21,"column":9}},"loc":{"start":{"line":21,"column":14},"end":{"line":21,"column":55}},"line":21},"2":{"name":"transformURL","decl":{"start":{"line":25,"column":13},"end":{"line":25,"column":25}},"loc":{"start":{"line":25,"column":48},"end":{"line":27,"column":5}},"line":25},"3":{"name":"(anonymous_3)","decl":{"start":{"line":30,"column":14},"end":{"line":30,"column":15}},"loc":{"start":{"line":30,"column":20},"end":{"line":82,"column":5}},"line":30},"4":{"name":"(anonymous_4)","decl":{"start":{"line":31,"column":33},"end":{"line":31,"column":34}},"loc":{"start":{"line":31,"column":45},"end":{"line":75,"column":9}},"line":31},"5":{"name":"(anonymous_5)","decl":{"start":{"line":64,"column":66},"end":{"line":64,"column":67}},"loc":{"start":{"line":64,"column":81},"end":{"line":68,"column":17}},"line":64},"6":{"name":"(anonymous_6)","decl":{"start":{"line":84,"column":14},"end":{"line":84,"column":15}},"loc":{"start":{"line":84,"column":20},"end":{"line":92,"column":5}},"line":84},"7":{"name":"(anonymous_7)","decl":{"start":{"line":85,"column":37},"end":{"line":85,"column":38}},"loc":{"start":{"line":85,"column":43},"end":{"line":87,"column":9}},"line":85},"8":{"name":"(anonymous_8)","decl":{"start":{"line":86,"column":28},"end":{"line":86,"column":29}},"loc":{"start":{"line":86,"column":43},"end":{"line":86,"column":82}},"line":86},"9":{"name":"(anonymous_9)","decl":{"start":{"line":89,"column":15},"end":{"line":89,"column":16}},"loc":{"start":{"line":89,"column":21},"end":{"line":91,"column":9}},"line":89},"10":{"name":"(anonymous_10)","decl":{"start":{"line":120,"column":44},"end":{"line":120,"column":45}},"loc":{"start":{"line":121,"column":28},"end":{"line":133,"column":30}},"line":121},"11":{"name":"(anonymous_11)","decl":{"start":{"line":146,"column":41},"end":{"line":146,"column":42}},"loc":{"start":{"line":147,"column":28},"end":{"line":160,"column":43}},"line":147}},"branchMap":{"0":{"loc":{"start":{"line":77,"column":8},"end":{"line":79,"column":9}},"type":"if","locations":[{"start":{"line":77,"column":8},"end":{"line":79,"column":9}},{"start":{},"end":{}}],"line":77},"1":{"loc":{"start":{"line":125,"column":40},"end":{"line":129,"column":51}},"type":"cond-expr","locations":[{"start":{"line":126,"column":46},"end":{"line":126,"column":47}},{"start":{"line":127,"column":46},"end":{"line":129,"column":51}}],"line":125},"2":{"loc":{"start":{"line":127,"column":46},"end":{"line":129,"column":51}},"type":"cond-expr","locations":[{"start":{"line":128,"column":50},"end":{"line":128,"column":51}},{"start":{"line":129,"column":50},"end":{"line":129,"column":51}}],"line":127},"3":{"loc":{"start":{"line":130,"column":56},"end":{"line":130,"column":88}},"type":"cond-expr","locations":[{"start":{"line":130,"column":81},"end":{"line":130,"column":84}},{"start":{"line":130,"column":87},"end":{"line":130,"column":88}}],"line":130},"4":{"loc":{"start":{"line":140,"column":17},"end":{"line":163,"column":17}},"type":"cond-expr","locations":[{"start":{"line":141,"column":20},"end":{"line":141,"column":37}},{"start":{"line":142,"column":20},"end":{"line":163,"column":17}}],"line":140},"5":{"loc":{"start":{"line":142,"column":20},"end":{"line":163,"column":17}},"type":"cond-expr","locations":[{"start":{"line":143,"column":20},"end":{"line":143,"column":34}},{"start":{"line":145,"column":20},"end":{"line":162,"column":38}}],"line":142}},"s":{"0":1,"1":1,"2":1,"3":1,"4":1,"5":1,"6":1,"7":1,"8":0,"9":1,"10":1,"11":1,"12":1,"13":1,"14":1,"15":0,"16":0,"17":0,"18":0,"19":0,"20":0,"21":0,"22":0,"23":0,"24":1,"25":1,"26":1,"27":1,"28":0,"29":0,"30":1,"31":1,"32":1,"33":3,"34":0},"f":{"0":1,"1":1,"2":0,"3":1,"4":1,"5":0,"6":1,"7":0,"8":0,"9":1,"10":3,"11":0},"b":{"0":[1,0],"1":[1,2],"2":[1,1],"3":[1,2],"4":[1,0],"5":[0,0]},"_coverageSchema":"1a1c01bbd47fc00a2c39e90264f33305004495a9","hash":"38f1a30489bc58396d9884712c8a4f3879db27b4"}
,"C:\\Users\\Pichau\\Desktop\\r\\compass-challenge\\src\\pages\\Items\\index.tsx": {"path":"C:\\Users\\Pichau\\Desktop\\r\\compass-challenge\\src\\pages\\Items\\index.tsx","statementMap":{"0":{"start":{"line":15,"column":21},"end":{"line":237,"column":1}},"1":{"start":{"line":17,"column":21},"end":{"line":17,"column":34}},"2":{"start":{"line":18,"column":23},"end":{"line":18,"column":49}},"3":{"start":{"line":19,"column":48},"end":{"line":19,"column":67}},"4":{"start":{"line":20,"column":54},"end":{"line":20,"column":87}},"5":{"start":{"line":21,"column":38},"end":{"line":21,"column":58}},"6":{"start":{"line":22,"column":40},"end":{"line":22,"column":64}},"7":{"start":{"line":23,"column":36},"end":{"line":23,"column":47}},"8":{"start":{"line":25,"column":31},"end":{"line":27,"column":5}},"9":{"start":{"line":26,"column":8},"end":{"line":26,"column":54}},"10":{"start":{"line":29,"column":28},"end":{"line":35,"column":5}},"11":{"start":{"line":30,"column":28},"end":{"line":30,"column":52}},"12":{"start":{"line":31,"column":8},"end":{"line":31,"column":71}},"13":{"start":{"line":31,"column":38},"end":{"line":31,"column":69}},"14":{"start":{"line":33,"column":28},"end":{"line":33,"column":135}},"15":{"start":{"line":33,"column":76},"end":{"line":33,"column":112}},"16":{"start":{"line":34,"column":8},"end":{"line":34,"column":52}},"17":{"start":{"line":36,"column":33},"end":{"line":54,"column":5}},"18":{"start":{"line":37,"column":34},"end":{"line":37,"column":36}},"19":{"start":{"line":39,"column":8},"end":{"line":48,"column":9}},"20":{"start":{"line":40,"column":12},"end":{"line":40,"column":75}},"21":{"start":{"line":40,"column":51},"end":{"line":40,"column":73}},"22":{"start":{"line":42,"column":12},"end":{"line":47,"column":15}},"23":{"start":{"line":43,"column":16},"end":{"line":45,"column":17}},"24":{"start":{"line":44,"column":20},"end":{"line":44,"column":62}},"25":{"start":{"line":46,"column":16},"end":{"line":46,"column":28}},"26":{"start":{"line":50,"column":8},"end":{"line":50,"column":34}},"27":{"start":{"line":52,"column":28},"end":{"line":52,"column":104}},"28":{"start":{"line":52,"column":64},"end":{"line":52,"column":100}},"29":{"start":{"line":53,"column":8},"end":{"line":53,"column":52}},"30":{"start":{"line":56,"column":32},"end":{"line":58,"column":5}},"31":{"start":{"line":57,"column":8},"end":{"line":57,"column":35}},"32":{"start":{"line":60,"column":4},"end":{"line":104,"column":21}},"33":{"start":{"line":61,"column":39},"end":{"line":101,"column":9}},"34":{"start":{"line":62,"column":12},"end":{"line":100,"column":13}},"35":{"start":{"line":63,"column":32},"end":{"line":67,"column":17}},"36":{"start":{"line":69,"column":27},"end":{"line":69,"column":46}},"37":{"start":{"line":70,"column":30},"end":{"line":87,"column":21}},"38":{"start":{"line":90,"column":16},"end":{"line":99,"column":17}},"39":{"start":{"line":91,"column":37},"end":{"line":95,"column":21}},"40":{"start":{"line":96,"column":20},"end":{"line":96,"column":67}},"41":{"start":{"line":98,"column":20},"end":{"line":98,"column":79}},"42":{"start":{"line":103,"column":8},"end":{"line":103,"column":33}},"43":{"start":{"line":106,"column":4},"end":{"line":108,"column":5}},"44":{"start":{"line":107,"column":8},"end":{"line":107,"column":37}},"45":{"start":{"line":110,"column":4},"end":{"line":236,"column":6}},"46":{"start":{"line":200,"column":28},"end":{"line":206,"column":30}},"47":{"start":{"line":205,"column":51},"end":{"line":205,"column":72}},"48":{"start":{"line":216,"column":28},"end":{"line":222,"column":30}}},"fnMap":{"0":{"name":"(anonymous_0)","decl":{"start":{"line":15,"column":21},"end":{"line":15,"column":22}},"loc":{"start":{"line":15,"column":27},"end":{"line":237,"column":1}},"line":15},"1":{"name":"(anonymous_1)","decl":{"start":{"line":25,"column":31},"end":{"line":25,"column":32}},"loc":{"start":{"line":25,"column":74},"end":{"line":27,"column":5}},"line":25},"2":{"name":"(anonymous_2)","decl":{"start":{"line":29,"column":28},"end":{"line":29,"column":29}},"loc":{"start":{"line":29,"column":44},"end":{"line":35,"column":5}},"line":29},"3":{"name":"(anonymous_3)","decl":{"start":{"line":31,"column":21},"end":{"line":31,"column":22}},"loc":{"start":{"line":31,"column":38},"end":{"line":31,"column":69}},"line":31},"4":{"name":"(anonymous_4)","decl":{"start":{"line":33,"column":45},"end":{"line":33,"column":46}},"loc":{"start":{"line":33,"column":76},"end":{"line":33,"column":112}},"line":33},"5":{"name":"(anonymous_5)","decl":{"start":{"line":36,"column":33},"end":{"line":36,"column":34}},"loc":{"start":{"line":36,"column":76},"end":{"line":54,"column":5}},"line":36},"6":{"name":"(anonymous_6)","decl":{"start":{"line":40,"column":43},"end":{"line":40,"column":44}},"loc":{"start":{"line":40,"column":51},"end":{"line":40,"column":73}},"line":40},"7":{"name":"(anonymous_7)","decl":{"start":{"line":42,"column":40},"end":{"line":42,"column":41}},"loc":{"start":{"line":42,"column":48},"end":{"line":47,"column":13}},"line":42},"8":{"name":"(anonymous_8)","decl":{"start":{"line":52,"column":47},"end":{"line":52,"column":48}},"loc":{"start":{"line":52,"column":64},"end":{"line":52,"column":100}},"line":52},"9":{"name":"(anonymous_9)","decl":{"start":{"line":56,"column":32},"end":{"line":56,"column":33}},"loc":{"start":{"line":56,"column":38},"end":{"line":58,"column":5}},"line":56},"10":{"name":"(anonymous_10)","decl":{"start":{"line":60,"column":14},"end":{"line":60,"column":15}},"loc":{"start":{"line":60,"column":20},"end":{"line":104,"column":5}},"line":60},"11":{"name":"(anonymous_11)","decl":{"start":{"line":61,"column":39},"end":{"line":61,"column":40}},"loc":{"start":{"line":61,"column":51},"end":{"line":101,"column":9}},"line":61},"12":{"name":"(anonymous_12)","decl":{"start":{"line":199,"column":58},"end":{"line":199,"column":59}},"loc":{"start":{"line":200,"column":28},"end":{"line":206,"column":30}},"line":200},"13":{"name":"(anonymous_13)","decl":{"start":{"line":205,"column":45},"end":{"line":205,"column":46}},"loc":{"start":{"line":205,"column":51},"end":{"line":205,"column":72}},"line":205},"14":{"name":"(anonymous_14)","decl":{"start":{"line":215,"column":39},"end":{"line":215,"column":40}},"loc":{"start":{"line":216,"column":28},"end":{"line":222,"column":30}},"line":216}},"branchMap":{"0":{"loc":{"start":{"line":39,"column":8},"end":{"line":48,"column":9}},"type":"if","locations":[{"start":{"line":39,"column":8},"end":{"line":48,"column":9}},{"start":{"line":41,"column":15},"end":{"line":48,"column":9}}],"line":39},"1":{"loc":{"start":{"line":43,"column":16},"end":{"line":45,"column":17}},"type":"if","locations":[{"start":{"line":43,"column":16},"end":{"line":45,"column":17}},{"start":{},"end":{}}],"line":43},"2":{"loc":{"start":{"line":62,"column":12},"end":{"line":100,"column":13}},"type":"if","locations":[{"start":{"line":62,"column":12},"end":{"line":100,"column":13}},{"start":{},"end":{}}],"line":62},"3":{"loc":{"start":{"line":106,"column":4},"end":{"line":108,"column":5}},"type":"if","locations":[{"start":{"line":106,"column":4},"end":{"line":108,"column":5}},{"start":{},"end":{}}],"line":106}},"s":{"0":1,"1":0,"2":0,"3":0,"4":0,"5":0,"6":0,"7":0,"8":0,"9":0,"10":0,"11":0,"12":0,"13":0,"14":0,"15":0,"16":0,"17":0,"18":0,"19":0,"20":0,"21":0,"22":0,"23":0,"24":0,"25":0,"26":0,"27":0,"28":0,"29":0,"30":0,"31":0,"32":0,"33":0,"34":0,"35":0,"36":0,"37":0,"38":0,"39":0,"40":0,"41":0,"42":0,"43":0,"44":0,"45":0,"46":0,"47":0,"48":0},"f":{"0":0,"1":0,"2":0,"3":0,"4":0,"5":0,"6":0,"7":0,"8":0,"9":0,"10":0,"11":0,"12":0,"13":0,"14":0},"b":{"0":[0,0],"1":[0,0],"2":[0,0],"3":[0,0]},"_coverageSchema":"1a1c01bbd47fc00a2c39e90264f33305004495a9","hash":"2d51243ac501ac022fc465a8bf75d89d743869ee"}
,"C:\\Users\\Pichau\\Desktop\\r\\compass-challenge\\src\\pages\\Login\\index.tsx": {"path":"C:\\Users\\Pichau\\Desktop\\r\\compass-challenge\\src\\pages\\Login\\index.tsx","statementMap":{"0":{"start":{"line":9,"column":21},"end":{"line":135,"column":1}},"1":{"start":{"line":10,"column":21},"end":{"line":10,"column":34}},"2":{"start":{"line":11,"column":36},"end":{"line":11,"column":48}},"3":{"start":{"line":12,"column":36},"end":{"line":12,"column":48}},"4":{"start":{"line":13,"column":46},"end":{"line":16,"column":6}},"5":{"start":{"line":17,"column":54},"end":{"line":17,"column":66}},"6":{"start":{"line":19,"column":24},"end":{"line":89,"column":5}},"7":{"start":{"line":21,"column":8},"end":{"line":21,"column":27}},"8":{"start":{"line":23,"column":33},"end":{"line":26,"column":9}},"9":{"start":{"line":28,"column":8},"end":{"line":30,"column":9}},"10":{"start":{"line":29,"column":12},"end":{"line":29,"column":70}},"11":{"start":{"line":31,"column":8},"end":{"line":33,"column":9}},"12":{"start":{"line":32,"column":12},"end":{"line":32,"column":70}},"13":{"start":{"line":35,"column":8},"end":{"line":35,"column":43}},"14":{"start":{"line":36,"column":8},"end":{"line":40,"column":9}},"15":{"start":{"line":37,"column":12},"end":{"line":37,"column":47}},"16":{"start":{"line":38,"column":12},"end":{"line":38,"column":37}},"17":{"start":{"line":39,"column":12},"end":{"line":39,"column":19}},"18":{"start":{"line":42,"column":24},"end":{"line":46,"column":9}},"19":{"start":{"line":48,"column":22},"end":{"line":65,"column":9}},"20":{"start":{"line":67,"column":26},"end":{"line":70,"column":9}},"21":{"start":{"line":72,"column":8},"end":{"line":88,"column":9}},"22":{"start":{"line":73,"column":29},"end":{"line":77,"column":13}},"23":{"start":{"line":79,"column":12},"end":{"line":84,"column":13}},"24":{"start":{"line":80,"column":16},"end":{"line":80,"column":30}},"25":{"start":{"line":83,"column":16},"end":{"line":83,"column":72}},"26":{"start":{"line":87,"column":12},"end":{"line":87,"column":33}},"27":{"start":{"line":91,"column":4},"end":{"line":134,"column":6}},"28":{"start":{"line":103,"column":28},"end":{"line":103,"column":56}},"29":{"start":{"line":104,"column":28},"end":{"line":104,"column":94}},"30":{"start":{"line":104,"column":60},"end":{"line":104,"column":91}},"31":{"start":{"line":117,"column":28},"end":{"line":117,"column":56}},"32":{"start":{"line":118,"column":28},"end":{"line":118,"column":94}},"33":{"start":{"line":118,"column":60},"end":{"line":118,"column":91}},"34":{"start":{"line":119,"column":28},"end":{"line":119,"column":53}}},"fnMap":{"0":{"name":"(anonymous_0)","decl":{"start":{"line":9,"column":21},"end":{"line":9,"column":22}},"loc":{"start":{"line":9,"column":27},"end":{"line":135,"column":1}},"line":9},"1":{"name":"(anonymous_1)","decl":{"start":{"line":19,"column":24},"end":{"line":19,"column":25}},"loc":{"start":{"line":19,"column":74},"end":{"line":89,"column":5}},"line":19},"2":{"name":"(anonymous_2)","decl":{"start":{"line":102,"column":34},"end":{"line":102,"column":35}},"loc":{"start":{"line":102,"column":41},"end":{"line":105,"column":25}},"line":102},"3":{"name":"(anonymous_3)","decl":{"start":{"line":104,"column":45},"end":{"line":104,"column":46}},"loc":{"start":{"line":104,"column":60},"end":{"line":104,"column":91}},"line":104},"4":{"name":"(anonymous_4)","decl":{"start":{"line":116,"column":34},"end":{"line":116,"column":35}},"loc":{"start":{"line":116,"column":41},"end":{"line":120,"column":25}},"line":116},"5":{"name":"(anonymous_5)","decl":{"start":{"line":118,"column":45},"end":{"line":118,"column":46}},"loc":{"start":{"line":118,"column":60},"end":{"line":118,"column":91}},"line":118}},"branchMap":{"0":{"loc":{"start":{"line":28,"column":8},"end":{"line":30,"column":9}},"type":"if","locations":[{"start":{"line":28,"column":8},"end":{"line":30,"column":9}},{"start":{},"end":{}}],"line":28},"1":{"loc":{"start":{"line":31,"column":8},"end":{"line":33,"column":9}},"type":"if","locations":[{"start":{"line":31,"column":8},"end":{"line":33,"column":9}},{"start":{},"end":{}}],"line":31},"2":{"loc":{"start":{"line":36,"column":8},"end":{"line":40,"column":9}},"type":"if","locations":[{"start":{"line":36,"column":8},"end":{"line":40,"column":9}},{"start":{},"end":{}}],"line":36},"3":{"loc":{"start":{"line":36,"column":12},"end":{"line":36,"column":66}},"type":"binary-expr","locations":[{"start":{"line":36,"column":12},"end":{"line":36,"column":37}},{"start":{"line":36,"column":41},"end":{"line":36,"column":66}}],"line":36},"4":{"loc":{"start":{"line":79,"column":12},"end":{"line":84,"column":13}},"type":"if","locations":[{"start":{"line":79,"column":12},"end":{"line":84,"column":13}},{"start":{"line":82,"column":17},"end":{"line":84,"column":13}}],"line":79}},"s":{"0":1,"1":0,"2":0,"3":0,"4":0,"5":0,"6":0,"7":0,"8":0,"9":0,"10":0,"11":0,"12":0,"13":0,"14":0,"15":0,"16":0,"17":0,"18":0,"19":0,"20":0,"21":0,"22":0,"23":0,"24":0,"25":0,"26":0,"27":0,"28":0,"29":0,"30":0,"31":0,"32":0,"33":0,"34":0},"f":{"0":0,"1":0,"2":0,"3":0,"4":0,"5":0},"b":{"0":[0,0],"1":[0,0],"2":[0,0],"3":[0,0],"4":[0,0]},"_coverageSchema":"1a1c01bbd47fc00a2c39e90264f33305004495a9","hash":"7e13a066f3afffc80bfb882ca8a22e3c2f3057aa"}
,"C:\\Users\\Pichau\\Desktop\\r\\compass-challenge\\src\\pages\\Register\\index.tsx": {"path":"C:\\Users\\Pichau\\Desktop\\r\\compass-challenge\\src\\pages\\Register\\index.tsx","statementMap":{"0":{"start":{"line":9,"column":24},"end":{"line":193,"column":1}},"1":{"start":{"line":10,"column":36},"end":{"line":10,"column":48}},"2":{"start":{"line":11,"column":36},"end":{"line":11,"column":48}},"3":{"start":{"line":12,"column":30},"end":{"line":12,"column":42}},"4":{"start":{"line":13,"column":36},"end":{"line":13,"column":48}},"5":{"start":{"line":14,"column":50},"end":{"line":14,"column":62}},"6":{"start":{"line":15,"column":46},"end":{"line":21,"column":6}},"7":{"start":{"line":22,"column":21},"end":{"line":22,"column":34}},"8":{"start":{"line":26,"column":27},"end":{"line":119,"column":5}},"9":{"start":{"line":28,"column":27},"end":{"line":28,"column":86}},"10":{"start":{"line":29,"column":30},"end":{"line":29,"column":78}},"11":{"start":{"line":30,"column":30},"end":{"line":30,"column":62}},"12":{"start":{"line":32,"column":8},"end":{"line":32,"column":27}},"13":{"start":{"line":34,"column":33},"end":{"line":40,"column":9}},"14":{"start":{"line":42,"column":8},"end":{"line":44,"column":9}},"15":{"start":{"line":43,"column":12},"end":{"line":43,"column":71}},"16":{"start":{"line":45,"column":8},"end":{"line":49,"column":9}},"17":{"start":{"line":46,"column":12},"end":{"line":46,"column":67}},"18":{"start":{"line":47,"column":15},"end":{"line":49,"column":9}},"19":{"start":{"line":48,"column":12},"end":{"line":48,"column":70}},"20":{"start":{"line":50,"column":8},"end":{"line":54,"column":9}},"21":{"start":{"line":51,"column":12},"end":{"line":51,"column":64}},"22":{"start":{"line":52,"column":15},"end":{"line":54,"column":9}},"23":{"start":{"line":53,"column":12},"end":{"line":53,"column":64}},"24":{"start":{"line":55,"column":8},"end":{"line":59,"column":9}},"25":{"start":{"line":56,"column":12},"end":{"line":56,"column":67}},"26":{"start":{"line":57,"column":15},"end":{"line":59,"column":9}},"27":{"start":{"line":58,"column":12},"end":{"line":58,"column":70}},"28":{"start":{"line":60,"column":8},"end":{"line":64,"column":9}},"29":{"start":{"line":61,"column":12},"end":{"line":61,"column":79}},"30":{"start":{"line":62,"column":15},"end":{"line":64,"column":9}},"31":{"start":{"line":63,"column":12},"end":{"line":63,"column":73}},"32":{"start":{"line":66,"column":8},"end":{"line":69,"column":9}},"33":{"start":{"line":66,"column":56},"end":{"line":66,"column":66}},"34":{"start":{"line":67,"column":12},"end":{"line":67,"column":47}},"35":{"start":{"line":68,"column":12},"end":{"line":68,"column":19}},"36":{"start":{"line":71,"column":24},"end":{"line":75,"column":9}},"37":{"start":{"line":77,"column":22},"end":{"line":95,"column":5}},"38":{"start":{"line":96,"column":26},"end":{"line":100,"column":9}},"39":{"start":{"line":102,"column":8},"end":{"line":118,"column":9}},"40":{"start":{"line":103,"column":29},"end":{"line":107,"column":13}},"41":{"start":{"line":109,"column":12},"end":{"line":109,"column":39}},"42":{"start":{"line":110,"column":12},"end":{"line":115,"column":13}},"43":{"start":{"line":111,"column":16},"end":{"line":111,"column":35}},"44":{"start":{"line":114,"column":16},"end":{"line":114,"column":44}},"45":{"start":{"line":117,"column":12},"end":{"line":117,"column":63}},"46":{"start":{"line":121,"column":4},"end":{"line":192,"column":5}},"47":{"start":{"line":135,"column":41},"end":{"line":135,"column":68}},"48":{"start":{"line":146,"column":41},"end":{"line":146,"column":68}},"49":{"start":{"line":157,"column":41},"end":{"line":157,"column":65}},"50":{"start":{"line":168,"column":41},"end":{"line":168,"column":68}},"51":{"start":{"line":179,"column":41},"end":{"line":179,"column":75}}},"fnMap":{"0":{"name":"(anonymous_0)","decl":{"start":{"line":9,"column":24},"end":{"line":9,"column":25}},"loc":{"start":{"line":9,"column":30},"end":{"line":193,"column":1}},"line":9},"1":{"name":"(anonymous_1)","decl":{"start":{"line":26,"column":27},"end":{"line":26,"column":28}},"loc":{"start":{"line":26,"column":77},"end":{"line":119,"column":5}},"line":26},"2":{"name":"(anonymous_2)","decl":{"start":{"line":66,"column":49},"end":{"line":66,"column":50}},"loc":{"start":{"line":66,"column":56},"end":{"line":66,"column":66}},"line":66},"3":{"name":"(anonymous_3)","decl":{"start":{"line":135,"column":34},"end":{"line":135,"column":35}},"loc":{"start":{"line":135,"column":41},"end":{"line":135,"column":68}},"line":135},"4":{"name":"(anonymous_4)","decl":{"start":{"line":146,"column":34},"end":{"line":146,"column":35}},"loc":{"start":{"line":146,"column":41},"end":{"line":146,"column":68}},"line":146},"5":{"name":"(anonymous_5)","decl":{"start":{"line":157,"column":34},"end":{"line":157,"column":35}},"loc":{"start":{"line":157,"column":41},"end":{"line":157,"column":65}},"line":157},"6":{"name":"(anonymous_6)","decl":{"start":{"line":168,"column":34},"end":{"line":168,"column":35}},"loc":{"start":{"line":168,"column":41},"end":{"line":168,"column":68}},"line":168},"7":{"name":"(anonymous_7)","decl":{"start":{"line":179,"column":34},"end":{"line":179,"column":35}},"loc":{"start":{"line":179,"column":41},"end":{"line":179,"column":75}},"line":179}},"branchMap":{"0":{"loc":{"start":{"line":42,"column":8},"end":{"line":44,"column":9}},"type":"if","locations":[{"start":{"line":42,"column":8},"end":{"line":44,"column":9}},{"start":{},"end":{}}],"line":42},"1":{"loc":{"start":{"line":45,"column":8},"end":{"line":49,"column":9}},"type":"if","locations":[{"start":{"line":45,"column":8},"end":{"line":49,"column":9}},{"start":{"line":47,"column":15},"end":{"line":49,"column":9}}],"line":45},"2":{"loc":{"start":{"line":47,"column":15},"end":{"line":49,"column":9}},"type":"if","locations":[{"start":{"line":47,"column":15},"end":{"line":49,"column":9}},{"start":{},"end":{}}],"line":47},"3":{"loc":{"start":{"line":50,"column":8},"end":{"line":54,"column":9}},"type":"if","locations":[{"start":{"line":50,"column":8},"end":{"line":54,"column":9}},{"start":{"line":52,"column":15},"end":{"line":54,"column":9}}],"line":50},"4":{"loc":{"start":{"line":52,"column":15},"end":{"line":54,"column":9}},"type":"if","locations":[{"start":{"line":52,"column":15},"end":{"line":54,"column":9}},{"start":{},"end":{}}],"line":52},"5":{"loc":{"start":{"line":55,"column":8},"end":{"line":59,"column":9}},"type":"if","locations":[{"start":{"line":55,"column":8},"end":{"line":59,"column":9}},{"start":{"line":57,"column":15},"end":{"line":59,"column":9}}],"line":55},"6":{"loc":{"start":{"line":57,"column":15},"end":{"line":59,"column":9}},"type":"if","locations":[{"start":{"line":57,"column":15},"end":{"line":59,"column":9}},{"start":{},"end":{}}],"line":57},"7":{"loc":{"start":{"line":60,"column":8},"end":{"line":64,"column":9}},"type":"if","locations":[{"start":{"line":60,"column":8},"end":{"line":64,"column":9}},{"start":{"line":62,"column":15},"end":{"line":64,"column":9}}],"line":60},"8":{"loc":{"start":{"line":62,"column":15},"end":{"line":64,"column":9}},"type":"if","locations":[{"start":{"line":62,"column":15},"end":{"line":64,"column":9}},{"start":{},"end":{}}],"line":62},"9":{"loc":{"start":{"line":66,"column":8},"end":{"line":69,"column":9}},"type":"if","locations":[{"start":{"line":66,"column":8},"end":{"line":69,"column":9}},{"start":{},"end":{}}],"line":66},"10":{"loc":{"start":{"line":110,"column":12},"end":{"line":115,"column":13}},"type":"if","locations":[{"start":{"line":110,"column":12},"end":{"line":115,"column":13}},{"start":{"line":113,"column":17},"end":{"line":115,"column":13}}],"line":110}},"s":{"0":1,"1":0,"2":0,"3":0,"4":0,"5":0,"6":0,"7":0,"8":0,"9":0,"10":0,"11":0,"12":0,"13":0,"14":0,"15":0,"16":0,"17":0,"18":0,"19":0,"20":0,"21":0,"22":0,"23":0,"24":0,"25":0,"26":0,"27":0,"28":0,"29":0,"30":0,"31":0,"32":0,"33":0,"34":0,"35":0,"36":0,"37":0,"38":0,"39":0,"40":0,"41":0,"42":0,"43":0,"44":0,"45":0,"46":0,"47":0,"48":0,"49":0,"50":0,"51":0},"f":{"0":0,"1":0,"2":0,"3":0,"4":0,"5":0,"6":0,"7":0},"b":{"0":[0,0],"1":[0,0],"2":[0,0],"3":[0,0],"4":[0,0],"5":[0,0],"6":[0,0],"7":[0,0],"8":[0,0],"9":[0,0],"10":[0,0]},"_coverageSchema":"1a1c01bbd47fc00a2c39e90264f33305004495a9","hash":"f27ab13e1dfcff7c8825c493102dc51f2ed2db1c"}
,"C:\\Users\\Pichau\\Desktop\\r\\compass-challenge\\src\\pages\\Register\\styles.tsx": {"path":"C:\\Users\\Pichau\\Desktop\\r\\compass-challenge\\src\\pages\\Register\\styles.tsx","statementMap":{"0":{"start":{"line":4,"column":25},"end":{"line":16,"column":1}},"1":{"start":{"line":18,"column":30},"end":{"line":23,"column":1}},"2":{"start":{"line":25,"column":32},"end":{"line":30,"column":1}},"3":{"start":{"line":32,"column":20},"end":{"line":37,"column":1}},"4":{"start":{"line":33,"column":23},"end":{"line":33,"column":47}},"5":{"start":{"line":39,"column":26},"end":{"line":44,"column":2}},"6":{"start":{"line":40,"column":20},"end":{"line":40,"column":44}},"7":{"start":{"line":46,"column":26},"end":{"line":48,"column":1}},"8":{"start":{"line":50,"column":23},"end":{"line":55,"column":1}},"9":{"start":{"line":56,"column":28},"end":{"line":60,"column":1}},"10":{"start":{"line":58,"column":23},"end":{"line":58,"column":45}}},"fnMap":{"0":{"name":"(anonymous_0)","decl":{"start":{"line":33,"column":12},"end":{"line":33,"column":13}},"loc":{"start":{"line":33,"column":23},"end":{"line":33,"column":47}},"line":33},"1":{"name":"(anonymous_1)","decl":{"start":{"line":40,"column":9},"end":{"line":40,"column":10}},"loc":{"start":{"line":40,"column":20},"end":{"line":40,"column":44}},"line":40},"2":{"name":"(anonymous_2)","decl":{"start":{"line":58,"column":12},"end":{"line":58,"column":13}},"loc":{"start":{"line":58,"column":23},"end":{"line":58,"column":45}},"line":58}},"branchMap":{},"s":{"0":1,"1":1,"2":1,"3":1,"4":0,"5":1,"6":0,"7":1,"8":1,"9":1,"10":0},"f":{"0":0,"1":0,"2":0},"b":{},"_coverageSchema":"1a1c01bbd47fc00a2c39e90264f33305004495a9","hash":"44cd02c07ee4a6374334adbce8443ef665f2c08e"}
}
