{"C:\\Users\\Pichau\\Desktop\\r\\compass-challenge\\src\\App.tsx": {"path":"C:\\Users\\Pichau\\Desktop\\r\\compass-challenge\\src\\App.tsx","statementMap":{"0":{"start":{"line":14,"column":2},"end":{"line":27,"column":4}}},"fnMap":{"0":{"name":"App","decl":{"start":{"line":13,"column":9},"end":{"line":13,"column":12}},"loc":{"start":{"line":13,"column":15},"end":{"line":28,"column":1}},"line":13}},"branchMap":{},"s":{"0":1},"f":{"0":1},"b":{},"_coverageSchema":"1a1c01bbd47fc00a2c39e90264f33305004495a9","hash":"7c4182f3b47253628b46c261a6b052b33f7110ac"}
,"C:\\Users\\Pichau\\Desktop\\r\\compass-challenge\\src\\index.tsx": {"path":"C:\\Users\\Pichau\\Desktop\\r\\compass-challenge\\src\\index.tsx","statementMap":{"0":{"start":{"line":5,"column":0},"end":{"line":9,"column":1}}},"fnMap":{},"branchMap":{},"s":{"0":0},"f":{},"b":{}}
,"C:\\Users\\Pichau\\Desktop\\r\\compass-challenge\\src\\components\\BoxTitle\\index.tsx": {"path":"C:\\Users\\Pichau\\Desktop\\r\\compass-challenge\\src\\components\\BoxTitle\\index.tsx","statementMap":{"0":{"start":{"line":10,"column":24},"end":{"line":16,"column":1}},"1":{"start":{"line":11,"column":4},"end":{"line":15,"column":5}}},"fnMap":{"0":{"name":"(anonymous_0)","decl":{"start":{"line":10,"column":24},"end":{"line":10,"column":25}},"loc":{"start":{"line":10,"column":54},"end":{"line":16,"column":1}},"line":10}},"branchMap":{},"s":{"0":1,"1":0},"f":{"0":0},"b":{},"_coverageSchema":"1a1c01bbd47fc00a2c39e90264f33305004495a9","hash":"563a09442b73a4ed60abddfd9a0b79c76a9b917f"}
,"C:\\Users\\Pichau\\Desktop\\r\\compass-challenge\\src\\components\\Footer\\index.tsx": {"path":"C:\\Users\\Pichau\\Desktop\\r\\compass-challenge\\src\\components\\Footer\\index.tsx","statementMap":{"0":{"start":{"line":9,"column":22},"end":{"line":37,"column":1}},"1":{"start":{"line":10,"column":4},"end":{"line":36,"column":5}}},"fnMap":{"0":{"name":"(anonymous_0)","decl":{"start":{"line":9,"column":22},"end":{"line":9,"column":23}},"loc":{"start":{"line":9,"column":28},"end":{"line":37,"column":1}},"line":9}},"branchMap":{},"s":{"0":1,"1":1},"f":{"0":1},"b":{},"_coverageSchema":"1a1c01bbd47fc00a2c39e90264f33305004495a9","hash":"920f532fe81b86d21da859ebe628a41a4cec35e9"}
,"C:\\Users\\Pichau\\Desktop\\r\\compass-challenge\\src\\components\\Footer\\styles.tsx": {"path":"C:\\Users\\Pichau\\Desktop\\r\\compass-challenge\\src\\components\\Footer\\styles.tsx","statementMap":{"0":{"start":{"line":5,"column":22},"end":{"line":19,"column":1}},"1":{"start":{"line":10,"column":35},"end":{"line":10,"column":64}},"2":{"start":{"line":20,"column":25},"end":{"line":34,"column":1}},"3":{"start":{"line":36,"column":29},"end":{"line":40,"column":2}},"4":{"start":{"line":41,"column":25},"end":{"line":45,"column":1}},"5":{"start":{"line":44,"column":24},"end":{"line":44,"column":48}},"6":{"start":{"line":47,"column":30},"end":{"line":57,"column":1}},"7":{"start":{"line":59,"column":21},"end":{"line":69,"column":1}},"8":{"start":{"line":63,"column":24},"end":{"line":63,"column":48}},"9":{"start":{"line":66,"column":28},"end":{"line":66,"column":54}},"10":{"start":{"line":71,"column":23},"end":{"line":75,"column":1}},"11":{"start":{"line":74,"column":24},"end":{"line":74,"column":48}},"12":{"start":{"line":77,"column":27},"end":{"line":81,"column":1}}},"fnMap":{"0":{"name":"(anonymous_0)","decl":{"start":{"line":10,"column":24},"end":{"line":10,"column":25}},"loc":{"start":{"line":10,"column":35},"end":{"line":10,"column":64}},"line":10},"1":{"name":"(anonymous_1)","decl":{"start":{"line":44,"column":13},"end":{"line":44,"column":14}},"loc":{"start":{"line":44,"column":24},"end":{"line":44,"column":48}},"line":44},"2":{"name":"(anonymous_2)","decl":{"start":{"line":63,"column":13},"end":{"line":63,"column":14}},"loc":{"start":{"line":63,"column":24},"end":{"line":63,"column":48}},"line":63},"3":{"name":"(anonymous_3)","decl":{"start":{"line":66,"column":17},"end":{"line":66,"column":18}},"loc":{"start":{"line":66,"column":28},"end":{"line":66,"column":54}},"line":66},"4":{"name":"(anonymous_4)","decl":{"start":{"line":74,"column":13},"end":{"line":74,"column":14}},"loc":{"start":{"line":74,"column":24},"end":{"line":74,"column":48}},"line":74}},"branchMap":{},"s":{"0":1,"1":1,"2":1,"3":1,"4":1,"5":0,"6":1,"7":1,"8":4,"9":4,"10":1,"11":1,"12":1},"f":{"0":1,"1":0,"2":4,"3":4,"4":1},"b":{},"_coverageSchema":"1a1c01bbd47fc00a2c39e90264f33305004495a9","hash":"9e9508cc8318f5159c68c54818a6e022bdeffcc8"}
,"C:\\Users\\Pichau\\Desktop\\r\\compass-challenge\\src\\components\\Header\\index.tsx": {"path":"C:\\Users\\Pichau\\Desktop\\r\\compass-challenge\\src\\components\\Header\\index.tsx","statementMap":{"0":{"start":{"line":10,"column":22},"end":{"line":33,"column":1}},"1":{"start":{"line":11,"column":4},"end":{"line":32,"column":6}}},"fnMap":{"0":{"name":"(anonymous_0)","decl":{"start":{"line":10,"column":22},"end":{"line":10,"column":23}},"loc":{"start":{"line":10,"column":28},"end":{"line":33,"column":1}},"line":10}},"branchMap":{},"s":{"0":1,"1":1},"f":{"0":1},"b":{},"_coverageSchema":"1a1c01bbd47fc00a2c39e90264f33305004495a9","hash":"a5c32c2815214c99bc01e7f4b10e21f9bb3d2423"}
,"C:\\Users\\Pichau\\Desktop\\r\\compass-challenge\\src\\components\\Image\\Bag\\index.tsx": {"path":"C:\\Users\\Pichau\\Desktop\\r\\compass-challenge\\src\\components\\Image\\Bag\\index.tsx","statementMap":{"0":{"start":{"line":3,"column":19},"end":{"line":10,"column":1}},"1":{"start":{"line":4,"column":4},"end":{"line":9,"column":5}}},"fnMap":{"0":{"name":"(anonymous_0)","decl":{"start":{"line":3,"column":19},"end":{"line":3,"column":20}},"loc":{"start":{"line":3,"column":25},"end":{"line":10,"column":1}},"line":3}},"branchMap":{},"s":{"0":1,"1":1},"f":{"0":1},"b":{},"_coverageSchema":"1a1c01bbd47fc00a2c39e90264f33305004495a9","hash":"9a4dc30abe7cbed941ba5099374b6592b6254370"}
,"C:\\Users\\Pichau\\Desktop\\r\\compass-challenge\\src\\components\\Image\\Facebook\\index.tsx": {"path":"C:\\Users\\Pichau\\Desktop\\r\\compass-challenge\\src\\components\\Image\\Facebook\\index.tsx","statementMap":{"0":{"start":{"line":3,"column":24},"end":{"line":9,"column":1}},"1":{"start":{"line":4,"column":4},"end":{"line":8,"column":5}}},"fnMap":{"0":{"name":"(anonymous_0)","decl":{"start":{"line":3,"column":24},"end":{"line":3,"column":25}},"loc":{"start":{"line":3,"column":30},"end":{"line":9,"column":1}},"line":3}},"branchMap":{},"s":{"0":1,"1":1},"f":{"0":1},"b":{},"_coverageSchema":"1a1c01bbd47fc00a2c39e90264f33305004495a9","hash":"fa17275a30788dff1d656125a834378d106c961f"}
,"C:\\Users\\Pichau\\Desktop\\r\\compass-challenge\\src\\components\\Image\\Instagram\\index.tsx": {"path":"C:\\Users\\Pichau\\Desktop\\r\\compass-challenge\\src\\components\\Image\\Instagram\\index.tsx","statementMap":{"0":{"start":{"line":2,"column":25},"end":{"line":8,"column":1}},"1":{"start":{"line":3,"column":4},"end":{"line":7,"column":5}}},"fnMap":{"0":{"name":"(anonymous_0)","decl":{"start":{"line":2,"column":25},"end":{"line":2,"column":26}},"loc":{"start":{"line":2,"column":31},"end":{"line":8,"column":1}},"line":2}},"branchMap":{},"s":{"0":1,"1":1},"f":{"0":1},"b":{},"_coverageSchema":"1a1c01bbd47fc00a2c39e90264f33305004495a9","hash":"724604ab694b226bea0b067f4c3cac4038a1e896"}
,"C:\\Users\\Pichau\\Desktop\\r\\compass-challenge\\src\\components\\Image\\LogoImage\\index.tsx": {"path":"C:\\Users\\Pichau\\Desktop\\r\\compass-challenge\\src\\components\\Image\\LogoImage\\index.tsx","statementMap":{"0":{"start":{"line":6,"column":25},"end":{"line":14,"column":1}},"1":{"start":{"line":7,"column":18},"end":{"line":7,"column":51}},"2":{"start":{"line":9,"column":4},"end":{"line":13,"column":6}}},"fnMap":{"0":{"name":"(anonymous_0)","decl":{"start":{"line":6,"column":25},"end":{"line":6,"column":26}},"loc":{"start":{"line":6,"column":58},"end":{"line":14,"column":1}},"line":6}},"branchMap":{"0":{"loc":{"start":{"line":7,"column":18},"end":{"line":7,"column":51}},"type":"cond-expr","locations":[{"start":{"line":7,"column":30},"end":{"line":7,"column":39}},{"start":{"line":7,"column":42},"end":{"line":7,"column":51}}],"line":7}},"s":{"0":1,"1":2,"2":2},"f":{"0":2},"b":{"0":[1,1]},"_coverageSchema":"1a1c01bbd47fc00a2c39e90264f33305004495a9","hash":"223fd3830ed4e819054a08e2ae9fef49dc7c83da"}
,"C:\\Users\\Pichau\\Desktop\\r\\compass-challenge\\src\\components\\Image\\Search\\index.tsx": {"path":"C:\\Users\\Pichau\\Desktop\\r\\compass-challenge\\src\\components\\Image\\Search\\index.tsx","statementMap":{"0":{"start":{"line":3,"column":22},"end":{"line":9,"column":1}},"1":{"start":{"line":4,"column":4},"end":{"line":8,"column":5}}},"fnMap":{"0":{"name":"(anonymous_0)","decl":{"start":{"line":3,"column":22},"end":{"line":3,"column":23}},"loc":{"start":{"line":3,"column":28},"end":{"line":9,"column":1}},"line":3}},"branchMap":{},"s":{"0":1,"1":1},"f":{"0":1},"b":{},"_coverageSchema":"1a1c01bbd47fc00a2c39e90264f33305004495a9","hash":"e6b876b88d5bc90685fdd7e6df1d598f2fe389ed"}
,"C:\\Users\\Pichau\\Desktop\\r\\compass-challenge\\src\\components\\Image\\Twitter\\index.tsx": {"path":"C:\\Users\\Pichau\\Desktop\\r\\compass-challenge\\src\\components\\Image\\Twitter\\index.tsx","statementMap":{"0":{"start":{"line":3,"column":23},"end":{"line":9,"column":1}},"1":{"start":{"line":4,"column":4},"end":{"line":8,"column":5}}},"fnMap":{"0":{"name":"(anonymous_0)","decl":{"start":{"line":3,"column":23},"end":{"line":3,"column":24}},"loc":{"start":{"line":3,"column":29},"end":{"line":9,"column":1}},"line":3}},"branchMap":{},"s":{"0":1,"1":1},"f":{"0":1},"b":{},"_coverageSchema":"1a1c01bbd47fc00a2c39e90264f33305004495a9","hash":"a851d4d35e79de72aeae3033bca4f2bde676ff5f"}
,"C:\\Users\\Pichau\\Desktop\\r\\compass-challenge\\src\\components\\Input\\index.tsx": {"path":"C:\\Users\\Pichau\\Desktop\\r\\compass-challenge\\src\\components\\Input\\index.tsx","statementMap":{"0":{"start":{"line":16,"column":43},"end":{"line":29,"column":1}},"1":{"start":{"line":17,"column":4},"end":{"line":28,"column":6}}},"fnMap":{"0":{"name":"(anonymous_0)","decl":{"start":{"line":16,"column":43},"end":{"line":16,"column":44}},"loc":{"start":{"line":16,"column":54},"end":{"line":29,"column":1}},"line":16}},"branchMap":{},"s":{"0":1,"1":0},"f":{"0":0},"b":{},"_coverageSchema":"1a1c01bbd47fc00a2c39e90264f33305004495a9","hash":"b0a9d48379fdd8ef1d227326ed2bc1092715c20e"}
,"C:\\Users\\Pichau\\Desktop\\r\\compass-challenge\\src\\components\\Logo\\index.tsx": {"path":"C:\\Users\\Pichau\\Desktop\\r\\compass-challenge\\src\\components\\Logo\\index.tsx","statementMap":{"0":{"start":{"line":11,"column":20},"end":{"line":18,"column":1}},"1":{"start":{"line":12,"column":4},"end":{"line":17,"column":5}}},"fnMap":{"0":{"name":"(anonymous_0)","decl":{"start":{"line":11,"column":20},"end":{"line":11,"column":21}},"loc":{"start":{"line":11,"column":58},"end":{"line":18,"column":1}},"line":11}},"branchMap":{},"s":{"0":1,"1":2},"f":{"0":2},"b":{},"_coverageSchema":"1a1c01bbd47fc00a2c39e90264f33305004495a9","hash":"6b3e5896d465c79d768a3c9ee6ad0d1d64d331e4"}
,"C:\\Users\\Pichau\\Desktop\\r\\compass-challenge\\src\\pages\\Home\\index.tsx": {"path":"C:\\Users\\Pichau\\Desktop\\r\\compass-challenge\\src\\pages\\Home\\index.tsx","statementMap":{"0":{"start":{"line":3,"column":20},"end":{"line":9,"column":1}},"1":{"start":{"line":4,"column":4},"end":{"line":8,"column":5}}},"fnMap":{"0":{"name":"(anonymous_0)","decl":{"start":{"line":3,"column":20},"end":{"line":3,"column":21}},"loc":{"start":{"line":3,"column":26},"end":{"line":9,"column":1}},"line":3}},"branchMap":{},"s":{"0":1,"1":1},"f":{"0":1},"b":{},"_coverageSchema":"1a1c01bbd47fc00a2c39e90264f33305004495a9","hash":"e6e468f3287255cd20f7a66f32b97350c87b9bba"}
,"C:\\Users\\Pichau\\Desktop\\r\\compass-challenge\\src\\pages\\Login\\index.tsx": {"path":"C:\\Users\\Pichau\\Desktop\\r\\compass-challenge\\src\\pages\\Login\\index.tsx","statementMap":{"0":{"start":{"line":8,"column":21},"end":{"line":21,"column":1}},"1":{"start":{"line":10,"column":4},"end":{"line":20,"column":5}}},"fnMap":{"0":{"name":"(anonymous_0)","decl":{"start":{"line":8,"column":21},"end":{"line":8,"column":22}},"loc":{"start":{"line":8,"column":27},"end":{"line":21,"column":1}},"line":8}},"branchMap":{},"s":{"0":1,"1":0},"f":{"0":0},"b":{},"_coverageSchema":"1a1c01bbd47fc00a2c39e90264f33305004495a9","hash":"add100fdc1d031e68b3a8a1a1af9d28267ad8aed"}
,"C:\\Users\\Pichau\\Desktop\\r\\compass-challenge\\src\\pages\\Register\\index.tsx": {"path":"C:\\Users\\Pichau\\Desktop\\r\\compass-challenge\\src\\pages\\Register\\index.tsx","statementMap":{"0":{"start":{"line":3,"column":24},"end":{"line":9,"column":1}},"1":{"start":{"line":4,"column":4},"end":{"line":8,"column":5}}},"fnMap":{"0":{"name":"(anonymous_0)","decl":{"start":{"line":3,"column":24},"end":{"line":3,"column":25}},"loc":{"start":{"line":3,"column":30},"end":{"line":9,"column":1}},"line":3}},"branchMap":{},"s":{"0":1,"1":0},"f":{"0":0},"b":{},"_coverageSchema":"1a1c01bbd47fc00a2c39e90264f33305004495a9","hash":"d5baf6f6942a7050cf8570547c684e543d8df35c"}
}
